2025-12-24 12:49:51,406 ERROR: Unhandled exception [in /home/ubuntu/microblog/app/tasks.py:46]
Traceback (most recent call last):
  File "/home/ubuntu/microblog/app/tasks.py", line 41, in export_posts
    send_email('[Microblog] Your Blog Posts', sender= app.config['ADMINS'][0], recipients=[user.email],
  File "/home/ubuntu/microblog/app/emails.py", line 19, in send_email
    mail.send(msg)
  File "/home/ubuntu/microblog/venv/lib/python3.12/site-packages/flask_mail/__init__.py", line 539, in send
    with self.connect() as connection:
  File "/home/ubuntu/microblog/venv/lib/python3.12/site-packages/flask_mail/__init__.py", line 127, in __enter__
    self.host = self.configure_host()
                ^^^^^^^^^^^^^^^^^^^^^
  File "/home/ubuntu/microblog/venv/lib/python3.12/site-packages/flask_mail/__init__.py", line 144, in configure_host
    host = smtplib.SMTP(self.mail.server, self.mail.port)
           ^^^^^^^^^^^^^^^^^^^^^^^^^^^^^^^^^^^^^^^^^^^^^^
  File "/usr/lib/python3.12/smtplib.py", line 255, in __init__
    (code, msg) = self.connect(host, port)
                  ^^^^^^^^^^^^^^^^^^^^^^^^
  File "/usr/lib/python3.12/smtplib.py", line 341, in connect
    self.sock = self._get_socket(host, port, self.timeout)
                ^^^^^^^^^^^^^^^^^^^^^^^^^^^^^^^^^^^^^^^^^^
  File "/usr/lib/python3.12/smtplib.py", line 312, in _get_socket
    return socket.create_connection((host, port), timeout,
           ^^^^^^^^^^^^^^^^^^^^^^^^^^^^^^^^^^^^^^^^^^^^^^^
  File "/usr/lib/python3.12/socket.py", line 852, in create_connection
    raise exceptions[0]
  File "/usr/lib/python3.12/socket.py", line 837, in create_connection
    sock.connect(sa)
ConnectionRefusedError: [Errno 111] Connection refused
